46 1 2 3 5 6 9 10 11 12 14 16 17 20 22 23 25 26 27 30 31 35 37 42 43 45 46 47 49 51 52 55 59 66 69 77 84 94 97 123 130 132 149 151 165 175 183
44 4 7 8 13 15 18 19 21 28 29 32 39 40 48 50 61 64 67 68 70 71 73 76 78 81 83 90 93 98 100 104 106 115 120 126 135 143 153 169 173 189 211 247 274
40 24 34 38 41 44 53 56 57 60 63 74 79 82 86 89 96 101 102 109 111 112 114 117 118 119 124 131 138 139 141 142 145 152 154 176 178 186 194 208 257
43 58 62 72 75 80 88 91 92 95 105 107 113 121 122 125 128 129 140 146 147 155 157 158 160 163 170 177 181 182 190 192 196 199 205 206 215 228 229 231 233 240 270 278
36 85 87 99 103 110 127 133 136 137 144 150 156 166 172 174 185 191 195 197 201 207 219 223 235 238 242 248 250 251 252 255 256 262 272 279 293
34 108 134 148 159 171 187 188 198 200 202 204 209 214 217 222 230 236 237 239 243 253 254 258 264 265 266 269 280 283 287 288 289 292 297
19 161 162 193 203 210 213 218 224 226 232 241 244 268 271 282 284 291 295 298
12 164 184 212 220 225 227 245 261 263 267 277 281
6 168 246 259 260 273 285
5 249 276 286 290 299
3 275 294 0
5 296 33 54 116 180
3 65 179 216
1 167
1 221
0
0
0
0
0
0
0
0
0
0
0
0
0
0
0
0
0
0
0
0
0
0
0
0
0
0
0
0
0
0
0
0
0
0
0
0
0
0
0
0
0
0
0
0
0
0
0
0
0
0
0
0
0
0
0
0
0
0
0
0
0
0
0
0
0
0
0
0
0
0
0
0
0
0
0
0
0
0
0
0
0
0
0
0
0
